OpenGL vendor string:   VMware, Inc.
OpenGL renderer string: Gallium 0.4 on llvmpipe (LLVM 3.8, 256 bits)
OpenGL version string:  3.0 Mesa 12.0.6

Not software rendered:    [31;01mno[00m
Not blacklisted:          [32;01myes[00m
GLX fbconfig:             [32;01myes[00m
GLX texture from pixmap:  [32;01myes[00m
GL npot or rect textures: [32;01myes[00m
GL vertex program:        [32;01myes[00m
GL fragment program:      [32;01myes[00m
GL vertex buffer object:  [32;01myes[00m
GL framebuffer object:    [32;01myes[00m
GL version is 1.4+:       [32;01myes[00m

Unity 3D supported:       [31;01mno[00m
Using compiz profile 'ubuntu-lowgfx'
compizconfig - Info: Backend     : gsettings
compizconfig - Info: Integration : true
compizconfig - Info: Profile     : unity-lowgfx
compiz (core) - Info: Loading plugin: core
compiz (core) - Info: Starting plugin: core
compiz (core) - Info: Loading plugin: ccp
compiz (core) - Info: Starting plugin: ccp
compizconfig - Info: Backend     : gsettings
compizconfig - Info: Integration : true
compizconfig - Info: Profile     : unity-lowgfx
compiz (core) - Info: Loading plugin: composite
compiz (core) - Info: Starting plugin: composite
compiz (core) - Info: Loading plugin: opengl
compiz (core) - Info: Starting plugin: opengl
compiz (core) - Info: Loading plugin: vpswitch
compiz (core) - Info: Starting plugin: vpswitch
compiz (core) - Info: Loading plugin: snap
compiz (core) - Info: Starting plugin: snap
compiz (core) - Info: Loading plugin: resize
compiz (core) - Info: Starting plugin: resize
compiz (core) - Info: Loading plugin: grid
compiz (core) - Info: Starting plugin: grid
compiz (core) - Info: Loading plugin: compiztoolbox
compiz (core) - Info: Starting plugin: compiztoolbox
compiz (core) - Info: Loading plugin: move
compiz (core) - Info: Starting plugin: move
compiz (core) - Info: Loading plugin: place
compiz (core) - Info: Starting plugin: place
compiz (core) - Info: Loading plugin: imgpng
compiz (core) - Info: Starting plugin: imgpng
compiz (core) - Info: Loading plugin: wall
compiz (core) - Info: Starting plugin: wall
compiz (core) - Info: Loading plugin: session
compiz (core) - Info: Starting plugin: session
compiz (core) - Info: Loading plugin: expo
compiz (core) - Info: Starting plugin: expo
compiz (core) - Info: Loading plugin: workarounds
compiz (core) - Info: Starting plugin: workarounds
compiz (core) - Info: Loading plugin: copytex
compiz (core) - Info: Starting plugin: copytex
compiz (core) - Info: Loading plugin: unitymtgrabhandles
compiz (core) - Info: Starting plugin: unitymtgrabhandles
compiz (core) - Info: Loading plugin: regex
compiz (core) - Info: Starting plugin: regex
compiz (core) - Info: Loading plugin: mousepoll
compiz (core) - Info: Starting plugin: mousepoll
compiz (core) - Info: Loading plugin: ezoom
compiz (core) - Info: Starting plugin: ezoom
compiz (core) - Info: Loading plugin: fade
compiz (core) - Info: Starting plugin: fade
compiz (core) - Info: Loading plugin: scale
compiz (core) - Info: Starting plugin: scale
compiz (core) - Info: Loading plugin: unityshell
compiz (core) - Info: Starting plugin: unityshell
WARN  2018-04-03 13:59:57 unity.glib.dbus.server GLibDBusServer.cpp:593 Can't register object 'org.gnome.Shell' yet as we don't have a connection, waiting for it...
WARN  2018-04-03 13:59:57 unity.debug.interface DebugDBusInterface.cpp:217 Unable to load entry point in libxpathselect: libxpathselect.so.1.4: cannot open shared object file: No such file or directory -- full D-Bus introspection will not be available
WARN  2018-04-03 13:59:57 xim.controller XIMController.cpp:103 IBus natively supported.
WARN  2018-04-03 13:59:57 unity.dash.gsettingsscopereader GSettingsScopes.cpp:108 Error fetching protocol metadata for scope: social.scope : Valid key file could not be found in search dirs
WARN  2018-04-03 13:59:58 unity.glib.dbus.server GLibDBusServer.cpp:593 Can't register object 'com.canonical.Unity.Launcher' yet as we don't have a connection, waiting for it...
WARN  2018-04-03 13:59:58 unity.glib.dbus.server GLibDBusServer.cpp:593 Can't register object 'com.canonical.Unity.Dash' yet as we don't have a connection, waiting for it...
WARN  2018-04-03 13:59:58 unity.glib.dbus.server GLibDBusServer.cpp:593 Can't register object 'org.gnome.SessionManager.EndSessionDialog' yet as we don't have a connection, waiting for it...
WARN  2018-04-03 13:59:58 unity.glib.dbus.server GLibDBusServer.cpp:593 Can't register object 'com.canonical.Unity.Session' yet as we don't have a connection, waiting for it...
WARN  2018-04-03 13:59:58 unity.glib.dbus.server GLibDBusServer.cpp:593 Can't register object 'org.gnome.ScreenSaver' yet as we don't have a connection, waiting for it...
compiz (core) - Warn: Attempted to restack relative to 0x240002e which is not a child of the root window or a window compiz owns
ERROR 2018-04-03 14:00:01 unity.glib.dbus.server GLibDBusServer.cpp:538 DBus name lost 'org.gnome.Shell'
ERROR 2018-04-03 14:00:01 unity.glib.dbus.server GLibDBusServer.cpp:538 DBus name lost 'com.canonical.Unity'
WARN  2018-04-03 14:00:01 unity.key.gnome.grabber GnomeKeyGrabber.cpp:108 Trying to grab a disabled action, we skip it
WARN  2018-04-03 14:00:01 unity.key.gnome.grabber GnomeKeyGrabber.cpp:108 Trying to grab a disabled action, we skip it
WARN  2018-04-03 14:00:01 unity.key.gnome.grabber GnomeKeyGrabber.cpp:108 Trying to grab a disabled action, we skip it
WARN  2018-04-03 14:00:01 unity.key.gnome.grabber GnomeKeyGrabber.cpp:108 Trying to grab a disabled action, we skip it
WARN  2018-04-03 14:00:01 unity.key.gnome.grabber GnomeKeyGrabber.cpp:108 Trying to grab a disabled action, we skip it
WARN  2018-04-03 14:00:01 unity.key.gnome.grabber GnomeKeyGrabber.cpp:108 Trying to grab a disabled action, we skip it
WARN  2018-04-03 14:00:01 unity.key.gnome.grabber GnomeKeyGrabber.cpp:108 Trying to grab a disabled action, we skip it
WARN  2018-04-03 14:00:01 unity.key.gnome.grabber GnomeKeyGrabber.cpp:108 Trying to grab a disabled action, we skip it
WARN  2018-04-03 14:00:01 unity.key.gnome.grabber GnomeKeyGrabber.cpp:108 Trying to grab a disabled action, we skip it
WARN  2018-04-03 14:00:01 unity.key.gnome.grabber GnomeKeyGrabber.cpp:108 Trying to grab a disabled action, we skip it
WARN  2018-04-03 14:03:18 unity.iconloader IconLoader.cpp:756 Unable to load icon file:/// at size -1x22: Can't open directory

(unity-control-center:5104): screen-cc-panel-WARNING **: Error getting brightness: GDBus.Error:org.gtk.GDBus.UnmappedGError.Quark._gsd_5fpower_5fmanager_5ferror.Code0: Screen backlight not available
WARN  2018-04-03 20:23:00 unity.shell.compiz unityshell.cpp:3241 Animation plugin not found. Can't set minimize speed.
WARN  2018-04-03 21:29:17 unity.shell.compiz unityshell.cpp:3241 Animation plugin not found. Can't set minimize speed.
WARN  2018-04-03 21:36:34 unity.shell.compiz unityshell.cpp:3241 Animation plugin not found. Can't set minimize speed.
WARN  2018-04-03 21:38:20 unity.shell.compiz unityshell.cpp:3241 Animation plugin not found. Can't set minimize speed.
WARN  2018-04-03 21:41:42 unity.shell.compiz unityshell.cpp:3241 Animation plugin not found. Can't set minimize speed.
WARN  2018-04-03 21:59:50 unity.shell.compiz unityshell.cpp:3241 Animation plugin not found. Can't set minimize speed.
1522789241193	addons.webextension.<unknown>	WARN	Loading extension 'null': Reading manifest: Error processing languages: An unexpected property was found in the WebExtension manifest.
1522789241198	addons.webextension.<unknown>	WARN	Loading extension 'null': Reading manifest: Error processing langpack_id: An unexpected property was found in the WebExtension manifest.
1522789241199	addons.webextension.<unknown>	WARN	Loading extension 'null': Reading manifest: Error processing sources: An unexpected property was found in the WebExtension manifest.
1522789241199	addons.webextension.<unknown>	WARN	Loading extension 'null': Reading manifest: Error processing author: An unexpected property was found in the WebExtension manifest.
1522789241232	addons.xpi	WARN	Add-on langpack-en-GB@firefox.mozilla.org is not correctly signed.
1522789241233	addons.xpi	WARN	Add-on langpack-en-GB@firefox.mozilla.org is not correctly signed.
1522789241291	addons.webextension.<unknown>	WARN	Loading extension 'null': Reading manifest: Error processing languages: An unexpected property was found in the WebExtension manifest.
1522789241298	addons.webextension.<unknown>	WARN	Loading extension 'null': Reading manifest: Error processing langpack_id: An unexpected property was found in the WebExtension manifest.
1522789241298	addons.webextension.<unknown>	WARN	Loading extension 'null': Reading manifest: Error processing sources: An unexpected property was found in the WebExtension manifest.
1522789241299	addons.webextension.<unknown>	WARN	Loading extension 'null': Reading manifest: Error processing author: An unexpected property was found in the WebExtension manifest.
1522789241316	addons.xpi	WARN	Add-on langpack-en-ZA@firefox.mozilla.org is not correctly signed.
1522789241322	addons.xpi	WARN	Add-on langpack-en-ZA@firefox.mozilla.org is not correctly signed.
1522789242155	addons.xpi	WARN	Add-on langpack-en-GB@firefox.mozilla.org is not compatible with application version.
1522789242162	addons.xpi	WARN	Add-on langpack-en-ZA@firefox.mozilla.org is not compatible with application version.
1522789242167	addons.xpi	WARN	Add-on langpack-en-GB@firefox.mozilla.org is not correctly signed.
1522789242168	addons.xpi	WARN	Add-on langpack-en-ZA@firefox.mozilla.org is not correctly signed.
WARN  2018-04-03 22:00:45 unity.shell.compiz unityshell.cpp:3241 Animation plugin not found. Can't set minimize speed.
WARN  2018-04-03 22:00:54 unity.shell.compiz unityshell.cpp:3241 Animation plugin not found. Can't set minimize speed.
1522789304523	addons.productaddons	WARN	Failed downloading XML, status: 0, reason: error
WARN  2018-04-03 22:03:56 unity.shell.compiz unityshell.cpp:3241 Animation plugin not found. Can't set minimize speed.
WARN  2018-04-03 22:04:27 unity.shell.compiz unityshell.cpp:3241 Animation plugin not found. Can't set minimize speed.
WARN  2018-04-03 22:04:49 unity.shell.compiz unityshell.cpp:3241 Animation plugin not found. Can't set minimize speed.
1522789723168	addons.xpi	WARN	Add-on langpack-en-GB@firefox.mozilla.org is not correctly signed.
1522789723169	addons.xpi	WARN	Add-on langpack-en-ZA@firefox.mozilla.org is not correctly signed.
1522789723739	addons.update-checker	WARN	Update manifest for aushelper@mozilla.org did not contain an updates property
1522789723750	addons.update-checker	WARN	Update manifest for e10srollout@mozilla.org did not contain an updates property
1522789723761	addons.update-checker	WARN	Update manifest for {972ce4c6-7e08-4474-a285-3208198ce6fd} did not contain an updates property
1522789723777	addons.update-checker	WARN	Update manifest for webcompat@mozilla.org did not contain an updates property
1522789723784	addons.update-checker	WARN	Update manifest for firefox@getpocket.com did not contain an updates property
1522789843584	addons.xpi	WARN	Add-on langpack-en-GB@firefox.mozilla.org is not correctly signed.
1522789843584	addons.xpi	WARN	Add-on langpack-en-ZA@firefox.mozilla.org is not correctly signed.
1522789962069	addons.xpi	WARN	Add-on langpack-en-GB@firefox.mozilla.org is not correctly signed.
1522789962070	addons.xpi	WARN	Add-on langpack-en-ZA@firefox.mozilla.org is not correctly signed.
WARN  2018-04-03 22:14:06 unity.shell.compiz unityshell.cpp:3241 Animation plugin not found. Can't set minimize speed.
WARN  2018-04-03 22:18:28 unity.shell.compiz unityshell.cpp:3241 Animation plugin not found. Can't set minimize speed.
WARN  2018-04-04 13:47:36 unity.shell.compiz unityshell.cpp:3241 Animation plugin not found. Can't set minimize speed.
WARN  2018-04-04 15:12:52 unity <unknown>:0 Unable to fetch children: GDBus.Error:org.freedesktop.DBus.Error.UnknownMethod: No such interface 'org.ayatana.bamf.view' on object at path /org/ayatana/bamf/application/545253652

WARN  2018-04-04 15:12:52 unity <unknown>:0 Failed to fetch path: GDBus.Error:org.freedesktop.DBus.Error.UnknownMethod: No such interface 'org.ayatana.bamf.application' on object at path /org/ayatana/bamf/application/545253652
WARN  2018-04-04 15:12:52 unity <unknown>:0 Failed to fetch path: GDBus.Error:org.freedesktop.DBus.Error.UnknownMethod: No such interface 'org.ayatana.bamf.application' on object at path /org/ayatana/bamf/application/545253652
WARN  2018-04-04 15:12:52 unity <unknown>:0 Failed to fetch path: GDBus.Error:org.freedesktop.DBus.Error.UnknownMethod: No such interface 'org.ayatana.bamf.application' on object at path /org/ayatana/bamf/application/545253652
WARN  2018-04-04 15:12:52 unity <unknown>:0 Failed to fetch path: GDBus.Error:org.freedesktop.DBus.Error.UnknownMethod: No such interface 'org.ayatana.bamf.application' on object at path /org/ayatana/bamf/application/545253652
WARN  2018-04-04 15:12:52 unity <unknown>:0 Failed to fetch path: GDBus.Error:org.freedesktop.DBus.Error.UnknownMethod: No such interface 'org.ayatana.bamf.application' on object at path /org/ayatana/bamf/application/545253652
WARN  2018-04-04 15:12:52 unity <unknown>:0 Failed to fetch path: GDBus.Error:org.freedesktop.DBus.Error.UnknownMethod: No such interface 'org.ayatana.bamf.application' on object at path /org/ayatana/bamf/application/545253652
WARN  2018-04-04 15:12:52 unity <unknown>:0 Failed to fetch path: GDBus.Error:org.freedesktop.DBus.Error.UnknownMethod: No such interface 'org.ayatana.bamf.application' on object at path /org/ayatana/bamf/application/545253652
WARN  2018-04-04 15:12:52 unity <unknown>:0 Failed to fetch path: GDBus.Error:org.freedesktop.DBus.Error.UnknownMethod: No such interface 'org.ayatana.bamf.application' on object at path /org/ayatana/bamf/application/545253652
WARN  2018-04-04 15:13:54 unity.shell.compiz unityshell.cpp:3241 Animation plugin not found. Can't set minimize speed.
WARN  2018-04-04 17:34:38 unity.shell.compiz unityshell.cpp:3241 Animation plugin not found. Can't set minimize speed.
WARN  2018-04-04 17:36:06 unity.shell.compiz unityshell.cpp:3241 Animation plugin not found. Can't set minimize speed.
WARN  2018-04-04 17:38:05 unity.shell.compiz unityshell.cpp:3241 Animation plugin not found. Can't set minimize speed.
WARN  2018-04-04 17:38:53 unity.shell.compiz unityshell.cpp:3241 Animation plugin not found. Can't set minimize speed.
WARN  2018-04-04 17:39:49 unity.shell.compiz unityshell.cpp:3241 Animation plugin not found. Can't set minimize speed.
WARN  2018-04-04 17:41:15 unity.shell.compiz unityshell.cpp:3241 Animation plugin not found. Can't set minimize speed.
WARN  2018-04-04 18:51:03 unity.shell.compiz unityshell.cpp:3241 Animation plugin not found. Can't set minimize speed.
